  icode   ic inum1 inum2 inum3   subed  recmonps reccnstps  flow(m^3)   sed(t)      orgn(kg)    orgp(kg)    nitrate(kg) sol.p(kg)   sol.pst(mg) sor.pst(mg)
       1        1        1        0        0        0                         0.1339E+10  0.2159E+09  0.7478E+07  0.3073E+07  0.8141E+05  0.2708E+04  0.0000E+00  0.0000E+00
       1        2        2        0        0        0                         0.9886E+09  0.1111E+09  0.3441E+07  0.1464E+07  0.9431E+05  0.8759E+04  0.0000E+00  0.0000E+00
       1        3        3        0        0        0                         0.9198E+09  0.1371E+09  0.2064E+08  0.4485E+07  0.4062E+06  0.2848E+04  0.0000E+00  0.0000E+00
       1        4        4        0        0        0                         0.1855E+10  0.7761E+09  0.4304E+08  0.9639E+07  0.2036E+07  0.8554E+04  0.0000E+00  0.0000E+00
       1        5        5        0        0        0                         0.4330E+09  0.2911E+08  0.1008E+08  0.2049E+07  0.5246E+06  0.1234E+04  0.0000E+00  0.0000E+00
       1        6        6        0        0        0                         0.1407E+10  0.4024E+08  0.1876E+08  0.3957E+07  0.9186E+06  0.5414E+04  0.0000E+00  0.0000E+00
       1        7        7        0        0        0                         0.1335E+10  0.1578E+09  0.1442E+08  0.3150E+07  0.3523E+06  0.6383E+04  0.0000E+00  0.0000E+00
       1        8        8        0        0        0                         0.7548E+06  0.6849E+04  0.8658E+04  0.1889E+04  0.5307E+03  0.2868E+01  0.0000E+00  0.0000E+00
       1        9        9        0        0        0                         0.1727E+09  0.1720E+08  0.2202E+07  0.4820E+06  0.6265E+05  0.3477E+03  0.0000E+00  0.0000E+00
       1       10       10        0        0        0                         0.3235E+08  0.5185E+07  0.6424E+06  0.1366E+06  0.1248E+05  0.9165E+02  0.0000E+00  0.0000E+00
       1       11       11        0        0        0                         0.5801E+09  0.7260E+08  0.9026E+07  0.1971E+07  0.4757E+06  0.2060E+05  0.0000E+00  0.0000E+00
       1       12       12        0        0        0                         0.8152E+09  0.2343E+09  0.1534E+08  0.3618E+07  0.1308E+06  0.1343E+05  0.0000E+00  0.0000E+00
       1       13       13        0        0        0                         0.6345E+09  0.1972E+09  0.1972E+08  0.5376E+07  0.1038E+06  0.2438E+04  0.0000E+00  0.0000E+00
       1       14       14        0        0        0                         0.9167E+07  0.4855E+06  0.2254E+06  0.6128E+05  0.1126E+04  0.6765E+02  0.0000E+00  0.0000E+00
       1       15       15        0        0        0                         0.3430E+09  0.1228E+09  0.1221E+08  0.3709E+07  0.1370E+06  0.4811E+04  0.0000E+00  0.0000E+00
       1       16       16        0        0        0                         0.1457E+09  0.9814E+08  0.1143E+08  0.2569E+07  0.5021E+05  0.5249E+03  0.0000E+00  0.0000E+00
       1       17       17        0        0        0                         0.3972E+09  0.9936E+08  0.1515E+08  0.4036E+07  0.7288E+05  0.1779E+04  0.0000E+00  0.0000E+00
       1       18       18        0        0        0                         0.1791E+10  0.1080E+09  0.3049E+08  0.6365E+07  0.1266E+07  0.2402E+05  0.0000E+00  0.0000E+00
       1       19       19        0        0        0                         0.1416E+09  0.7148E+08  0.4481E+07  0.1169E+07  0.2612E+05  0.4566E+03  0.0000E+00  0.0000E+00
       1       20       20        0        0        0                         0.1099E+10  0.1529E+09  0.5138E+08  0.1070E+08  0.1694E+07  0.6571E+04  0.0000E+00  0.0000E+00
       1       21       21        0        0        0                         0.1897E+09  0.1507E+09  0.1154E+08  0.2542E+07  0.1285E+06  0.4933E+03  0.0000E+00  0.0000E+00
       1       22       22        0        0        0                         0.1476E+10  0.4222E+08  0.3521E+08  0.7623E+07  0.1065E+07  0.7601E+04  0.0000E+00  0.0000E+00
       1       23       23        0        0        0                         0.2475E+09  0.1803E+09  0.1738E+08  0.4249E+07  0.1816E+06  0.8150E+03  0.0000E+00  0.0000E+00
       2       24        1        1        1        0                         0.1330E+10  0.2159E+09  0.7291E+07  0.2939E+07  0.7457E+05  0.8105E+04  0.0000E+00  0.0000E+00
       2       25        2        2        2        0                         0.9839E+09  0.1111E+09  0.3389E+07  0.1426E+07  0.9024E+05  0.1789E+05  0.0000E+00  0.0000E+00
       2       26        3        3        3        0                         0.9109E+09  0.1371E+09  0.2021E+08  0.4335E+07  0.3898E+06  0.8533E+04  0.0000E+00  0.0000E+00
       2       27        4        4        4        0                         0.1841E+10  0.7761E+09  0.4176E+08  0.9151E+07  0.1992E+07  0.2342E+05  0.0000E+00  0.0000E+00
       2       28        6        6        6        0                         0.1402E+10  0.4024E+08  0.1854E+08  0.3883E+07  0.9097E+06  0.1591E+05  0.0000E+00  0.0000E+00
       2       29        7        7        7        0                         0.1332E+10  0.1578E+09  0.1434E+08  0.3122E+07  0.3465E+06  0.1379E+05  0.0000E+00  0.0000E+00
       2       30       11       11       11        0                         0.5788E+09  0.7260E+08  0.8991E+07  0.1958E+07  0.4716E+06  0.2562E+05  0.0000E+00  0.0000E+00
       2       31       12       12       12        0                         0.8090E+09  0.2343E+09  0.1509E+08  0.3522E+07  0.1165E+06  0.2584E+05  0.0000E+00  0.0000E+00
       2       32       15       15       15        0                         0.3328E+09  0.1228E+09  0.1182E+08  0.3506E+07  0.9118E+05  0.1433E+05  0.0000E+00  0.0000E+00
       2       33       16       16       16        0                         0.1438E+09  0.9814E+08  0.1134E+08  0.2535E+07  0.4271E+05  0.1573E+04  0.0000E+00  0.0000E+00
       2       34       21       21       21        0                         0.1888E+09  0.1507E+09  0.1149E+08  0.2525E+07  0.1235E+06  0.1116E+04  0.0000E+00  0.0000E+00
       2       35       23       23       23        0                         0.2409E+09  0.1803E+09  0.1708E+08  0.4127E+07  0.1544E+06  0.2437E+04  0.0000E+00  0.0000E+00
       5       36       13       24        0        0                         0.1965E+10  0.4131E+09  0.2701E+08  0.8315E+07  0.1784E+06  0.1054E+05  0.0000E+00  0.0000E+00
       5       37       36       25        0        0                         0.2949E+10  0.5242E+09  0.3040E+08  0.9741E+07  0.2686E+06  0.2843E+05  0.0000E+00  0.0000E+00
       2       38       13       37       13        0                         0.2933E+10  0.6891E+06  0.2966E+08  0.9333E+07  0.2419E+06  0.8040E+05  0.0000E+00  0.0000E+00
       5       39        8       28        0        0                         0.1403E+10  0.4024E+08  0.1855E+08  0.3885E+07  0.9102E+06  0.1592E+05  0.0000E+00  0.0000E+00
       5       40       39       29        0        0                         0.2735E+10  0.1980E+09  0.3289E+08  0.7006E+07  0.1257E+07  0.2970E+05  0.0000E+00  0.0000E+00
       2       41        8       40        8        0                         0.2735E+10  0.6331E+06  0.3288E+08  0.7003E+07  0.1256E+07  0.3267E+05  0.0000E+00  0.0000E+00
       5       42        5       26        0        0                         0.1344E+10  0.1662E+09  0.3030E+08  0.6384E+07  0.9144E+06  0.9767E+04  0.0000E+00  0.0000E+00
       5       43       42       27        0        0                         0.3185E+10  0.9423E+09  0.7205E+08  0.1554E+08  0.2906E+07  0.3318E+05  0.0000E+00  0.0000E+00
       2       44        5       43        5        0                         0.3177E+10  0.8024E+06  0.7120E+08  0.1525E+08  0.2895E+07  0.7498E+05  0.0000E+00  0.0000E+00
       5       45       14       38        0        0                         0.2942E+10  0.1175E+07  0.2988E+08  0.9394E+07  0.2430E+06  0.8046E+05  0.0000E+00  0.0000E+00
       5       46       45       32        0        0                         0.3275E+10  0.1240E+09  0.4170E+08  0.1290E+08  0.3342E+06  0.9480E+05  0.0000E+00  0.0000E+00
       2       47       14       46       14        0                         0.3273E+10  0.7189E+06  0.4162E+08  0.1286E+08  0.3333E+06  0.1306E+06  0.0000E+00  0.0000E+00
       5       48        9       44        0        0                         0.3349E+10  0.1800E+08  0.7340E+08  0.1573E+08  0.2957E+07  0.7533E+05  0.0000E+00  0.0000E+00
       5       49       48       31        0        0                         0.4158E+10  0.2524E+09  0.8849E+08  0.1925E+08  0.3074E+07  0.1012E+06  0.0000E+00  0.0000E+00
       2       50        9       49        9        0                         0.4153E+10  0.1052E+07  0.8787E+08  0.1905E+08  0.3068E+07  0.1925E+06  0.0000E+00  0.0000E+00
       5       51       17       47        0        0                         0.3670E+10  0.1001E+09  0.5676E+08  0.1689E+08  0.4062E+06  0.1324E+06  0.0000E+00  0.0000E+00
       5       52       51       33        0        0                         0.3814E+10  0.1982E+09  0.6810E+08  0.1943E+08  0.4489E+06  0.1340E+06  0.0000E+00  0.0000E+00
       2       53       17       52       17        0                         0.3784E+10  0.8610E+06  0.6597E+08  0.1840E+08  0.4111E+06  0.3892E+06  0.0000E+00  0.0000E+00
       5       54       10       41        0        0                         0.2767E+10  0.5818E+07  0.3352E+08  0.7140E+07  0.1269E+07  0.3276E+05  0.0000E+00  0.0000E+00
       5       55       54       50        0        0                         0.6920E+10  0.6870E+07  0.1214E+09  0.2619E+08  0.4337E+07  0.2253E+06  0.0000E+00  0.0000E+00
       2       56       10       55       10        0                         0.6916E+10  0.2008E+07  0.1210E+09  0.2607E+08  0.4331E+07  0.3166E+06  0.0000E+00  0.0000E+00
       5       57       19       53        0        0                         0.3926E+10  0.7234E+08  0.7046E+08  0.1957E+08  0.4372E+06  0.3896E+06  0.0000E+00  0.0000E+00
       5       58       57       35        0        0                         0.4167E+10  0.2526E+09  0.8753E+08  0.2370E+08  0.5916E+06  0.3921E+06  0.0000E+00  0.0000E+00
       2       59       19       58       19        0                         0.4154E+10  0.1096E+07  0.8662E+08  0.2329E+08  0.5836E+06  0.7134E+06  0.0000E+00  0.0000E+00
       5       60       18       56        0        0                         0.8706E+10  0.1100E+09  0.1515E+09  0.3243E+08  0.5596E+07  0.3406E+06  0.0000E+00  0.0000E+00
       5       61       60       30        0        0                         0.9285E+10  0.1826E+09  0.1605E+09  0.3439E+08  0.6068E+07  0.3662E+06  0.0000E+00  0.0000E+00
       2       62       18       61       18        0                         0.9241E+10  0.2851E+07  0.1557E+09  0.3275E+08  0.5961E+07  0.1009E+07  0.0000E+00  0.0000E+00
       5       63       20       59        0        0                         0.5253E+10  0.1540E+09  0.1380E+09  0.3399E+08  0.2278E+07  0.7200E+06  0.0000E+00  0.0000E+00
       5       64       63       34        0        0                         0.5442E+10  0.3047E+09  0.1495E+09  0.3651E+08  0.2402E+07  0.7211E+06  0.0000E+00  0.0000E+00
       2       65       20       64       20        0                         0.5371E+10  0.1648E+07  0.1441E+09  0.3438E+08  0.2229E+07  0.1907E+07  0.0000E+00  0.0000E+00
       5       66       22       62        0        0                         0.1072E+11  0.4507E+08  0.1909E+09  0.4038E+08  0.7026E+07  0.1017E+07  0.0000E+00  0.0000E+00
       5       67       66       65        0        0                         0.1609E+11  0.4671E+08  0.3350E+09  0.7476E+08  0.9255E+07  0.2924E+07  0.0000E+00  0.0000E+00
       2       68       22       67       22        0                         0.1601E+11  0.4516E+07  0.3259E+09  0.7169E+08  0.9130E+07  0.5067E+07  0.0000E+00  0.0000E+00
      14       68        1        0        0        0                         0.1601E+11  0.4516E+07  0.3259E+09  0.7169E+08  0.9130E+07  0.5067E+07  0.0000E+00  0.0000E+00
